

03/05/2022 16:59:04

DEBUG:controller:Controller initializated with Server addr: 04:6C:59:F1:F3:E1
DEBUG:controller:Controller initializated with port: 5
INFO:controller:Connecting to controller...
ERROR:controller:Error: Couldn't connect to controller, retrying in 5 seconds...
ERROR:controller:Error: Couldn't connect to controller, retrying in 5 seconds...
ERROR:controller:Error: Couldn't connect to controller, retrying in 5 seconds...
ERROR:controller:Error: Couldn't connect to controller, retrying in 5 seconds...


04/05/2022 12:13:22

DEBUG:controller:Controller initializated with Server addr: 04:6C:59:F1:F3:E1
DEBUG:controller:Controller initializated with port: 5
INFO:controller:Connecting to controller...


06/05/2022 12:38:08

DEBUG:controller:Controller initializated with Server addr: 04:6C:59:F1:F3:E1
DEBUG:controller:Controller initializated with port: 5
INFO:controller:Connecting to controller...


06/05/2022 12:47:52



06/05/2022 12:48:22

DEBUG:controller:Controller initializated with uuid: 0000-0000-0000-000000000005


06/05/2022 12:48:36

DEBUG:controller:Controller initializated with uuid: 0000-0000-0000-000000000005
INFO:controller:Connecting to controller...


06/05/2022 12:49:36

DEBUG:controller:Controller initializated with uuid: 1e0ca4ea-299d-4335-93eb-27fcfe7fa848
INFO:controller:Connecting to controller...
INFO:controller:Connecting to controller...
INFO:controller:Connecting to controller...
INFO:controller:Connecting to controller...
